  Declaration.cpp
  Ennemies.cpp
D:\Game\Game\Game\Game\Ennemies.cpp(164,135): warning C4244: '=': conversion from 'double' to 'int', possible loss of data
D:\Game\Game\Game\Game\Ennemies.cpp(165,86): warning C4244: '=': conversion from 'double' to 'int', possible loss of data
D:\Game\Game\Game\Game\Ennemies.cpp(186,34): warning C4244: '+=': conversion from 'double' to 'int', possible loss of data
D:\Game\Game\Game\Game\Ennemies.cpp(187,33): warning C4244: '=': conversion from 'double' to 'int', possible loss of data
  Event.cpp
  LoadAll.cpp
  Main.cpp
  Object.cpp
  P_Bullet.cpp
  Player.cpp
D:\Game\Game\Game\Game\Player.cpp(62,16): warning C4244: '+=': conversion from 'double' to 'int', possible loss of data
D:\Game\Game\Game\Game\Player.cpp(63,16): warning C4244: '+=': conversion from 'double' to 'int', possible loss of data
D:\Game\Game\Game\Game\Player.cpp(269,33): warning C4244: '-=': conversion from 'double' to 'int', possible loss of data
D:\Game\Game\Game\Game\Player.cpp(270,32): warning C4244: '=': conversion from 'double' to 'int', possible loss of data
D:\Game\Game\Game\Game\Player.cpp(281,33): warning C4244: '-=': conversion from 'double' to 'int', possible loss of data
D:\Game\Game\Game\Game\Player.cpp(282,32): warning C4244: '=': conversion from 'double' to 'int', possible loss of data
D:\Game\Game\Game\Game\Player.cpp(308,111): warning C4244: '+=': conversion from 'double' to 'int', possible loss of data
D:\Game\Game\Game\Game\Player.cpp(309,37): warning C4244: '=': conversion from 'double' to 'int', possible loss of data
D:\Game\Game\Game\Game\Player.cpp(313,109): warning C4244: '+=': conversion from 'double' to 'int', possible loss of data
D:\Game\Game\Game\Game\Player.cpp(314,37): warning C4244: '=': conversion from 'double' to 'int', possible loss of data
D:\Game\Game\Game\Game\Player.cpp(318,111): warning C4244: '-=': conversion from 'double' to 'int', possible loss of data
D:\Game\Game\Game\Game\Player.cpp(319,37): warning C4244: '=': conversion from 'double' to 'int', possible loss of data
D:\Game\Game\Game\Game\Player.cpp(344,111): warning C4244: '+=': conversion from 'double' to 'int', possible loss of data
D:\Game\Game\Game\Game\Player.cpp(345,37): warning C4244: '=': conversion from 'double' to 'int', possible loss of data
D:\Game\Game\Game\Game\Player.cpp(349,109): warning C4244: '+=': conversion from 'double' to 'int', possible loss of data
D:\Game\Game\Game\Game\Player.cpp(350,37): warning C4244: '=': conversion from 'double' to 'int', possible loss of data
D:\Game\Game\Game\Game\Player.cpp(354,111): warning C4244: '-=': conversion from 'double' to 'int', possible loss of data
D:\Game\Game\Game\Game\Player.cpp(355,37): warning C4244: '=': conversion from 'double' to 'int', possible loss of data
  Wave1.cpp
  Generating Code...
  Game.vcxproj -> D:\Game\Game\Game\x64\Debug\Game.exe
